<?xml version="1.0" encoding="UTF-8"?>
<!-- Generated by org.testng.reporters.JUnitXMLReporter -->
<testsuite hostname="MSTSYS0093" ignored="0" name="Test" tests="1" failures="1" timestamp="18 Dec 2018 05:39:18 GMT" time="45.55" errors="0">
  <testcase name="executionPage" time="37.202" classname="gov.mst.automation.ica.executionpage.Execution">
    <failure type="java.lang.Exception" message="The given content value in excel is not matched with the fetched data ">
      <![CDATA[java.lang.Exception: The given content value in excel is not matched with the fetched data 
	at gov.mst.automation.ica.email.EmailVerify.emailVerify(EmailVerify.java:77)
	at gov.mst.automation.ica.pages.IndustrialInjuryForm.industrialInjuryWebForm(IndustrialInjuryForm.java:216)
	at gov.mst.automation.ica.executionpage.Execution.executionPage(Execution.java:26)
... Removed 25 stack frames]]>
    </failure>
  </testcase> <!-- executionPage -->
</testsuite> <!-- Test -->
