<?xml version="1.0" encoding="UTF-8"?>
<testng-results skipped="0" failed="0" ignored="0" total="1" passed="1">
  <reporter-output>
  </reporter-output>
  <suite name="Suite" duration-ms="57795" started-at="2018-12-03T10:08:45Z" finished-at="2018-12-03T10:09:42Z">
    <groups>
    </groups>
    <test name="Test" duration-ms="57795" started-at="2018-12-03T10:08:45Z" finished-at="2018-12-03T10:09:42Z">
      <class name="gov.mst.automation.ica.executionpage.Execution">
        <test-method status="PASS" signature="login(java.lang.String)[pri:0, instance:gov.mst.automation.ica.executionpage.Execution@380fb434]" name="login" is-config="true" duration-ms="4617" started-at="2018-12-03T15:38:45Z" finished-at="2018-12-03T15:38:49Z">
          <params>
            <param index="0">
              <value>
                <![CDATA[chrome]]>
              </value>
            </param>
          </params>
          <reporter-output>
          </reporter-output>
        </test-method> <!-- login -->
        <test-method status="PASS" signature="executionPage()[pri:0, instance:gov.mst.automation.ica.executionpage.Execution@380fb434]" name="executionPage" duration-ms="50150" started-at="2018-12-03T15:38:49Z" finished-at="2018-12-03T15:39:39Z">
          <reporter-output>
          </reporter-output>
        </test-method> <!-- executionPage -->
        <test-method status="PASS" signature="logout()[pri:0, instance:gov.mst.automation.ica.executionpage.Execution@380fb434]" name="logout" is-config="true" duration-ms="3000" started-at="2018-12-03T15:39:39Z" finished-at="2018-12-03T15:39:42Z">
          <reporter-output>
          </reporter-output>
        </test-method> <!-- logout -->
      </class> <!-- gov.mst.automation.ica.executionpage.Execution -->
    </test> <!-- Test -->
  </suite> <!-- Suite -->
</testng-results>
