<?xml version="1.0" encoding="UTF-8"?>
<testng-results skipped="0" failed="0" ignored="0" total="1" passed="1">
  <reporter-output>
  </reporter-output>
  <suite name="Suite" duration-ms="16222" started-at="2019-01-09T12:05:45Z" finished-at="2019-01-09T12:06:01Z">
    <groups>
    </groups>
    <test name="Test" duration-ms="16222" started-at="2019-01-09T12:05:45Z" finished-at="2019-01-09T12:06:01Z">
      <class name="gov.mst.automation.ica.smoke.IndustrialInjuryFormSubmission">
        <test-method status="PASS" signature="startReport()[pri:0, instance:gov.mst.automation.ica.smoke.IndustrialInjuryFormSubmission@91161c7]" name="startReport" is-config="true" duration-ms="349" started-at="2019-01-09T17:35:45Z" finished-at="2019-01-09T17:35:45Z">
          <reporter-output>
          </reporter-output>
        </test-method> <!-- startReport -->
        <test-method status="PASS" signature="login(java.lang.String)[pri:0, instance:gov.mst.automation.ica.smoke.IndustrialInjuryFormSubmission@91161c7]" name="login" is-config="true" duration-ms="4495" started-at="2019-01-09T17:35:45Z" finished-at="2019-01-09T17:35:50Z">
          <params>
            <param index="0">
              <value>
                <![CDATA[chrome]]>
              </value>
            </param>
          </params>
          <reporter-output>
          </reporter-output>
        </test-method> <!-- login -->
        <test-method status="PASS" signature="industrialInjuryFormValidation(java.lang.String, java.lang.String, java.lang.String, java.lang.String)[pri:1, instance:gov.mst.automation.ica.smoke.IndustrialInjuryFormSubmission@91161c7]" name="industrialInjuryFormValidation" duration-ms="10603" started-at="2019-01-09T17:35:50Z" data-provider="industrialInjuryFormValidationData" finished-at="2019-01-09T17:36:01Z">
          <params>
            <param index="0">
              <value>
                <![CDATA[TC_001]]>
              </value>
            </param>
            <param index="1">
              <value>
                <![CDATA[Error: You must enter a value]]>
              </value>
            </param>
            <param index="2">
              <value>
                <![CDATA[Error: You must enter a value]]>
              </value>
            </param>
            <param index="3">
              <value>
                <![CDATA[Error: You must enter a value]]>
              </value>
            </param>
          </params>
          <reporter-output>
          </reporter-output>
        </test-method> <!-- industrialInjuryFormValidation -->
        <test-method status="PASS" signature="checkTestAfterExecution(org.testng.ITestResult)[pri:0, instance:gov.mst.automation.ica.smoke.IndustrialInjuryFormSubmission@91161c7]" name="checkTestAfterExecution" is-config="true" duration-ms="4" started-at="2019-01-09T17:36:01Z" finished-at="2019-01-09T17:36:01Z">
          <params>
            <param index="0">
              <value>
                <![CDATA[[TestResult name=industrialInjuryFormValidation status=SUCCESS method=IndustrialInjuryFormSubmission.industrialInjuryFormValidation(java.lang.String, java.lang.String, java.lang.String, java.lang.String)[pri:1, instance:gov.mst.automation.ica.smoke.IndustrialInjuryFormSubmission@91161c7] output={null}]]]>
              </value>
            </param>
          </params>
          <reporter-output>
          </reporter-output>
        </test-method> <!-- checkTestAfterExecution -->
        <test-method status="PASS" signature="logout()[pri:0, instance:gov.mst.automation.ica.smoke.IndustrialInjuryFormSubmission@91161c7]" name="logout" is-config="true" duration-ms="327" started-at="2019-01-09T17:36:01Z" finished-at="2019-01-09T17:36:01Z">
          <reporter-output>
          </reporter-output>
        </test-method> <!-- logout -->
        <test-method status="PASS" signature="tearDown()[pri:0, instance:gov.mst.automation.ica.smoke.IndustrialInjuryFormSubmission@91161c7]" name="tearDown" is-config="true" duration-ms="9865" started-at="2019-01-09T17:36:01Z" finished-at="2019-01-09T17:36:11Z">
          <reporter-output>
          </reporter-output>
        </test-method> <!-- tearDown -->
      </class> <!-- gov.mst.automation.ica.smoke.IndustrialInjuryFormSubmission -->
    </test> <!-- Test -->
  </suite> <!-- Suite -->
</testng-results>
