<?xml version="1.0" encoding="UTF-8"?>
<testng-results skipped="0" failed="0" ignored="0" total="1" passed="1">
  <reporter-output>
  </reporter-output>
  <suite name="Suite" duration-ms="59469" started-at="2018-12-10T11:12:28Z" finished-at="2018-12-10T11:13:28Z">
    <groups>
    </groups>
    <test name="Test" duration-ms="59469" started-at="2018-12-10T11:12:28Z" finished-at="2018-12-10T11:13:28Z">
      <class name="gov.mst.automation.ica.executionpage.Execution">
        <test-method status="PASS" signature="startReport()[pri:0, instance:gov.mst.automation.ica.executionpage.Execution@cb5822]" name="startReport" is-config="true" duration-ms="236" started-at="2018-12-10T16:42:28Z" finished-at="2018-12-10T16:42:28Z">
          <reporter-output>
          </reporter-output>
        </test-method> <!-- startReport -->
        <test-method status="PASS" signature="login(java.lang.String)[pri:0, instance:gov.mst.automation.ica.executionpage.Execution@cb5822]" name="login" is-config="true" duration-ms="4914" started-at="2018-12-10T16:42:28Z" finished-at="2018-12-10T16:42:33Z">
          <params>
            <param index="0">
              <value>
                <![CDATA[chrome]]>
              </value>
            </param>
          </params>
          <reporter-output>
          </reporter-output>
        </test-method> <!-- login -->
        <test-method status="PASS" signature="executionPage()[pri:0, instance:gov.mst.automation.ica.executionpage.Execution@cb5822]" name="executionPage" duration-ms="51476" started-at="2018-12-10T16:42:33Z" finished-at="2018-12-10T16:43:25Z">
          <reporter-output>
          </reporter-output>
        </test-method> <!-- executionPage -->
        <test-method status="PASS" signature="checkTestAfterExecution(org.testng.ITestResult)[pri:0, instance:gov.mst.automation.ica.executionpage.Execution@cb5822]" name="checkTestAfterExecution" is-config="true" duration-ms="16" started-at="2018-12-10T16:43:25Z" finished-at="2018-12-10T16:43:25Z">
          <params>
            <param index="0">
              <value>
                <![CDATA[[TestResult name=executionPage status=SUCCESS method=Execution.executionPage()[pri:0, instance:gov.mst.automation.ica.executionpage.Execution@cb5822] output={null}]]]>
              </value>
            </param>
          </params>
          <reporter-output>
          </reporter-output>
        </test-method> <!-- checkTestAfterExecution -->
        <test-method status="PASS" signature="logout()[pri:0, instance:gov.mst.automation.ica.executionpage.Execution@cb5822]" name="logout" is-config="true" duration-ms="3003" started-at="2018-12-10T16:43:25Z" finished-at="2018-12-10T16:43:28Z">
          <reporter-output>
          </reporter-output>
        </test-method> <!-- logout -->
        <test-method status="PASS" signature="tearDown()[pri:0, instance:gov.mst.automation.ica.executionpage.Execution@cb5822]" name="tearDown" is-config="true" duration-ms="806" started-at="2018-12-10T16:43:28Z" finished-at="2018-12-10T16:43:29Z">
          <reporter-output>
          </reporter-output>
        </test-method> <!-- tearDown -->
      </class> <!-- gov.mst.automation.ica.executionpage.Execution -->
    </test> <!-- Test -->
  </suite> <!-- Suite -->
</testng-results>
