<?xml version="1.0" encoding="UTF-8"?>
<testng-results skipped="0" failed="0" ignored="0" total="1" passed="1">
  <reporter-output>
  </reporter-output>
  <suite name="Suite" duration-ms="38006" started-at="2018-12-26T07:40:14Z" finished-at="2018-12-26T07:40:53Z">
    <groups>
    </groups>
    <test name="Test" duration-ms="38006" started-at="2018-12-26T07:40:14Z" finished-at="2018-12-26T07:40:53Z">
      <class name="gov.mst.automation.ica.executionpage.ICASmokeSuite">
        <test-method status="PASS" signature="startReport()[pri:0, instance:gov.mst.automation.ica.executionpage.ICASmokeSuite@8bd1b6a]" name="startReport" is-config="true" duration-ms="559" started-at="2018-12-26T13:10:14Z" finished-at="2018-12-26T13:10:14Z">
          <reporter-output>
          </reporter-output>
        </test-method> <!-- startReport -->
        <test-method status="PASS" signature="login(java.lang.String)[pri:0, instance:gov.mst.automation.ica.executionpage.ICASmokeSuite@8bd1b6a]" name="login" is-config="true" duration-ms="5071" started-at="2018-12-26T13:10:14Z" finished-at="2018-12-26T13:10:20Z">
          <params>
            <param index="0">
              <value>
                <![CDATA[chrome]]>
              </value>
            </param>
          </params>
          <reporter-output>
          </reporter-output>
        </test-method> <!-- login -->
        <test-method status="PASS" signature="executionPage()[pri:0, instance:gov.mst.automation.ica.executionpage.ICASmokeSuite@8bd1b6a]" name="executionPage" duration-ms="29876" started-at="2018-12-26T13:10:20Z" finished-at="2018-12-26T13:10:49Z">
          <reporter-output>
          </reporter-output>
        </test-method> <!-- executionPage -->
        <test-method status="PASS" signature="checkTestAfterExecution(org.testng.ITestResult)[pri:0, instance:gov.mst.automation.ica.executionpage.ICASmokeSuite@8bd1b6a]" name="checkTestAfterExecution" is-config="true" duration-ms="8" started-at="2018-12-26T13:10:49Z" finished-at="2018-12-26T13:10:49Z">
          <params>
            <param index="0">
              <value>
                <![CDATA[[TestResult name=executionPage status=SUCCESS method=ICASmokeSuite.executionPage()[pri:0, instance:gov.mst.automation.ica.executionpage.ICASmokeSuite@8bd1b6a] output={null}]]]>
              </value>
            </param>
          </params>
          <reporter-output>
          </reporter-output>
        </test-method> <!-- checkTestAfterExecution -->
        <test-method status="PASS" signature="logout()[pri:0, instance:gov.mst.automation.ica.executionpage.ICASmokeSuite@8bd1b6a]" name="logout" is-config="true" duration-ms="3003" started-at="2018-12-26T13:10:49Z" finished-at="2018-12-26T13:10:53Z">
          <reporter-output>
          </reporter-output>
        </test-method> <!-- logout -->
        <test-method status="PASS" signature="tearDown()[pri:0, instance:gov.mst.automation.ica.executionpage.ICASmokeSuite@8bd1b6a]" name="tearDown" is-config="true" duration-ms="332" started-at="2018-12-26T13:10:53Z" finished-at="2018-12-26T13:10:53Z">
          <reporter-output>
          </reporter-output>
        </test-method> <!-- tearDown -->
      </class> <!-- gov.mst.automation.ica.executionpage.ICASmokeSuite -->
    </test> <!-- Test -->
  </suite> <!-- Suite -->
</testng-results>
