<?xml version="1.0" encoding="UTF-8"?>
<testng-results skipped="0" failed="0" ignored="0" total="1" passed="1">
  <reporter-output>
  </reporter-output>
  <suite name="Suite" duration-ms="17268" started-at="2019-01-25T09:13:18Z" finished-at="2019-01-25T09:13:35Z">
    <groups>
    </groups>
    <test name="Test" duration-ms="17268" started-at="2019-01-25T09:13:18Z" finished-at="2019-01-25T09:13:35Z">
      <class name="gov.mst.automation.ica.smoke.IndustrialInjuryFormSubmission">
        <test-method status="PASS" signature="startReport()[pri:0, instance:gov.mst.automation.ica.smoke.IndustrialInjuryFormSubmission@91161c7]" name="startReport" is-config="true" duration-ms="272" started-at="2019-01-25T14:43:18Z" finished-at="2019-01-25T14:43:18Z">
          <reporter-output>
          </reporter-output>
        </test-method> <!-- startReport -->
        <test-method status="PASS" signature="login(java.lang.String)[pri:0, instance:gov.mst.automation.ica.smoke.IndustrialInjuryFormSubmission@91161c7]" name="login" is-config="true" duration-ms="4356" started-at="2019-01-25T14:43:18Z" finished-at="2019-01-25T14:43:23Z">
          <params>
            <param index="0">
              <value>
                <![CDATA[chrome]]>
              </value>
            </param>
          </params>
          <reporter-output>
          </reporter-output>
        </test-method> <!-- login -->
        <test-method status="PASS" signature="industrialInjuryFormLinkVerification()[pri:1, instance:gov.mst.automation.ica.smoke.IndustrialInjuryFormSubmission@91161c7]" name="industrialInjuryFormLinkVerification" duration-ms="10723" started-at="2019-01-25T14:43:23Z" finished-at="2019-01-25T14:43:33Z">
          <reporter-output>
          </reporter-output>
        </test-method> <!-- industrialInjuryFormLinkVerification -->
        <test-method status="PASS" signature="checkTestAfterExecution(org.testng.ITestResult)[pri:0, instance:gov.mst.automation.ica.smoke.IndustrialInjuryFormSubmission@91161c7]" name="checkTestAfterExecution" is-config="true" duration-ms="8" started-at="2019-01-25T14:43:33Z" finished-at="2019-01-25T14:43:33Z">
          <params>
            <param index="0">
              <value>
                <![CDATA[[TestResult name=industrialInjuryFormLinkVerification status=SUCCESS method=IndustrialInjuryFormSubmission.industrialInjuryFormLinkVerification()[pri:1, instance:gov.mst.automation.ica.smoke.IndustrialInjuryFormSubmission@91161c7] output={null}]]]>
              </value>
            </param>
          </params>
          <reporter-output>
          </reporter-output>
        </test-method> <!-- checkTestAfterExecution -->
        <test-method status="PASS" signature="logout()[pri:0, instance:gov.mst.automation.ica.smoke.IndustrialInjuryFormSubmission@91161c7]" name="logout" is-config="true" duration-ms="2145" started-at="2019-01-25T14:43:33Z" finished-at="2019-01-25T14:43:35Z">
          <reporter-output>
          </reporter-output>
        </test-method> <!-- logout -->
        <test-method status="PASS" signature="tearDown()[pri:0, instance:gov.mst.automation.ica.smoke.IndustrialInjuryFormSubmission@91161c7]" name="tearDown" is-config="true" duration-ms="8583" started-at="2019-01-25T14:43:36Z" finished-at="2019-01-25T14:43:44Z">
          <reporter-output>
          </reporter-output>
        </test-method> <!-- tearDown -->
      </class> <!-- gov.mst.automation.ica.smoke.IndustrialInjuryFormSubmission -->
    </test> <!-- Test -->
  </suite> <!-- Suite -->
</testng-results>
